Array
(
    [search] => windows 11
)
Raw data: {"userId":"106","status":"Active"}
Decoded data: Array
(
    [userId] => 106
    [status] => Active
)

Raw data: {"userId":"106","status":"Active"}
Decoded data: Array
(
    [userId] => 106
    [status] => Active
)

Raw data: {"userId":"106","status":"Active"}
Decoded data: Array
(
    [userId] => 106
    [status] => Active
)

Raw data: {"userId":"106","status":"Active"}
Decoded data: Array
(
    [userId] => 106
    [status] => Active
)

Raw data: {"userId":"106","status":"Active"}
Decoded data: Array
(
    [userId] => 106
    [status] => Active
)

Raw data: {"userId":"106","status":"Active"}
Decoded data: Array
(
    [userId] => 106
    [status] => Active
)

Raw data: {"userId":"106","status":"Active"}
Decoded data: Array
(
    [userId] => 106
    [status] => Active
)

Raw data: {"userId":"106","status":"Active"}
Decoded data: Array
(
    [userId] => 106
    [status] => Active
)

Raw data: {"userId":"106","status":"Active"}
Decoded data: Array
(
    [userId] => 106
    [status] => Active
)

Raw data: {"userId":"106","status":"Active"}
Decoded data: Array
(
    [userId] => 106
    [status] => Active
)

Raw data: {"userId":"106","status":"Active"}
Decoded data: Array
(
    [userId] => 106
    [status] => Active
)

Raw data: {"userId":"106","status":"Active"}
Decoded data: Array
(
    [userId] => 106
    [status] => Active
)

Raw data: {"userId":"106","status":"Active"}
Decoded data: Array
(
    [userId] => 106
    [status] => Active
)

Raw data: {"userId":"106","status":"Active"}
Decoded data: Array
(
    [userId] => 106
    [status] => Active
)

Raw data: {"userId":"106","status":"Active"}
Decoded data: Array
(
    [userId] => 106
    [status] => Active
)

Raw data: {"userId":"106","status":"Active"}
Decoded data: Array
(
    [userId] => 106
    [status] => Active
)

Raw data: {"userId":"106","status":"Active"}
Decoded data: Array
(
    [userId] => 106
    [status] => Active
)

Raw data: {"userId":"104","status":"Active"}
Decoded data: Array
(
    [userId] => 104
    [status] => Active
)

Raw data: {"userId":"104","status":"Active"}
Decoded data: Array
(
    [userId] => 104
    [status] => Active
)

Raw data: {"userId":"104","status":"Active"}
Decoded data: Array
(
    [userId] => 104
    [status] => Active
)

Raw data: {"userId":"104","status":"Active"}
Decoded data: Array
(
    [userId] => 104
    [status] => Active
)

Raw data: {"userId":"104","status":"Active"}
Decoded data: Array
(
    [userId] => 104
    [status] => Active
)

Raw data: {"userId":"103","status":"Active"}
Decoded data: Array
(
    [userId] => 103
    [status] => Active
)

Raw data: {"userId":"106","status":"Active"}
Decoded data: Array
(
    [userId] => 106
    [status] => Active
)

Raw data: {"userId":"106","status":"Active"}
Decoded data: Array
(
    [userId] => 106
    [status] => Active
)

Raw data: {"userId":"106","status":"Active"}
Decoded data: Array
(
    [userId] => 106
    [status] => Active
)

Raw data: {"userId":"79","status":"Active"}
Decoded data: Array
(
    [userId] => 79
    [status] => Active
)

Raw data: {"userId":"106","status":"Active"}
Decoded data: Array
(
    [userId] => 106
    [status] => Active
)

Raw data: {"userId":"106","status":"Active"}
Decoded data: Array
(
    [userId] => 106
    [status] => Active
)

Raw data: {"userId":"106","status":"Active"}
Decoded data: Array
(
    [userId] => 106
    [status] => Active
)

Raw data: {"userId":"106","status":"Active"}
Decoded data: Array
(
    [userId] => 106
    [status] => Active
)

Raw data: {"userId":"106","status":"Active"}
Decoded data: Array
(
    [userId] => 106
    [status] => Active
)

Raw data: {"userId":"106","status":"Active"}
Decoded data: Array
(
    [userId] => 106
    [status] => Active
)

Raw data: {"userId":"99","status":"Active"}
Decoded data: Array
(
    [userId] => 99
    [status] => Active
)

Raw data: {"userId":"98","status":"Active"}
Decoded data: Array
(
    [userId] => 98
    [status] => Active
)

Raw data: {"userId":"97","status":"Active"}
Decoded data: Array
(
    [userId] => 97
    [status] => Active
)

Raw data: {"userId":"96","status":"Active"}
Decoded data: Array
(
    [userId] => 96
    [status] => Active
)

Raw data: {"userId":"17","status":"Active"}
Decoded data: Array
(
    [userId] => 17
    [status] => Active
)

Raw data: {"userId":"106","status":"active"}
Decoded data: Array
(
    [userId] => 106
    [status] => active
)

Raw data: {"userId":"66","status":"active"}
Decoded data: Array
(
    [userId] => 66
    [status] => active
)

Raw data: {"userId":"81","status":"active"}
Decoded data: Array
(
    [userId] => 81
    [status] => active
)

Raw data: {"userId":"97","status":"banned"}
Decoded data: Array
(
    [userId] => 97
    [status] => banned
)

Raw data: {"userId":"97","status":"active"}
Decoded data: Array
(
    [userId] => 97
    [status] => active
)

Raw data: {"userId":"102","status":"banned"}
Decoded data: Array
(
    [userId] => 102
    [status] => banned
)

Raw data: {"userId":"102","status":"active"}
Decoded data: Array
(
    [userId] => 102
    [status] => active
)

Raw data: {"userId":"106","status":"banned"}
Decoded data: Array
(
    [userId] => 106
    [status] => banned
)

Raw data: {"userId":"106","status":"active"}
Decoded data: Array
(
    [userId] => 106
    [status] => active
)

Raw data: {"userId":"105","status":"banned"}
Decoded data: Array
(
    [userId] => 105
    [status] => banned
)

Raw data: {"userId":"105","status":"active"}
Decoded data: Array
(
    [userId] => 105
    [status] => active
)

Raw data: {"userId":"101","status":"banned"}
Decoded data: Array
(
    [userId] => 101
    [status] => banned
)

Raw data: {"userId":"101","status":"active"}
Decoded data: Array
(
    [userId] => 101
    [status] => active
)

Raw data: {"userId":"107","status":"banned"}
Decoded data: Array
(
    [userId] => 107
    [status] => banned
)

Raw data: {"userId":"107","status":"active"}
Decoded data: Array
(
    [userId] => 107
    [status] => active
)

